[debug] [2023-08-10T17:31:53.171Z] ----------------------------------------------------------------------
[debug] [2023-08-10T17:31:53.172Z] Command:       C:\Program Files\nodejs\node.exe C:\Users\cefer\AppData\Roaming\npm\node_modules\firebase-tools\lib\bin\firebase.js init hosting
[debug] [2023-08-10T17:31:53.173Z] CLI Version:   12.4.7
[debug] [2023-08-10T17:31:53.173Z] Platform:      win32
[debug] [2023-08-10T17:31:53.173Z] Node Version:  v18.16.1
[debug] [2023-08-10T17:31:53.173Z] Time:          Thu Aug 10 2023 12:31:53 GMT-0500 (hora estándar de Perú)
[debug] [2023-08-10T17:31:53.173Z] ----------------------------------------------------------------------
[debug] 
[debug] [2023-08-10T17:31:53.179Z] > command requires scopes: ["email","openid","https://www.googleapis.com/auth/cloudplatformprojects.readonly","https://www.googleapis.com/auth/firebase","https://www.googleapis.com/auth/cloud-platform"]
[debug] [2023-08-10T17:31:53.179Z] > authorizing via signed-in user (cristhianespiritunahui@gmail.com)
[info] 
     ######## #### ########  ######## ########     ###     ######  ########
     ##        ##  ##     ## ##       ##     ##  ##   ##  ##       ##
     ######    ##  ########  ######   ########  #########  ######  ######
     ##        ##  ##    ##  ##       ##     ## ##     ##       ## ##
     ##       #### ##     ## ######## ########  ##     ##  ######  ########

You're about to initialize a Firebase project in this directory:

  C:\Users\cefer\OneDrive\Escritorio\Proyects\node\webServer

[info] 
=== Project Setup
[info] 
[info] First, let's associate this project directory with a Firebase project.
[info] You can create multiple project aliases by running firebase use --add, 
[info] but for now we'll just set up a default project.
[info] 
[debug] [2023-08-10T17:31:56.147Z] >>> [apiv2][query] GET https://firebase.googleapis.com/v1beta1/projects pageSize=100
[debug] [2023-08-10T17:31:56.930Z] <<< [apiv2][status] GET https://firebase.googleapis.com/v1beta1/projects 200
[debug] [2023-08-10T17:31:56.930Z] <<< [apiv2][body] GET https://firebase.googleapis.com/v1beta1/projects [omitted]
[info] i  Using project webserver-4c142 (WebServer) 
[info] 
=== Hosting Setup
[info] 
[info] Your public directory is the folder (relative to your project directory) that
[info] will contain Hosting assets to be uploaded with firebase deploy. If you
[info] have a build process for your assets, use your build's output directory.
[info] 
[info] +  Wrote public/404.html 
[debug] [2023-08-10T17:32:21.523Z] >>> [apiv2][query] GET https://www.gstatic.com/firebasejs/releases.json [none]
[debug] [2023-08-10T17:32:21.663Z] <<< [apiv2][status] GET https://www.gstatic.com/firebasejs/releases.json 200
[debug] [2023-08-10T17:32:21.664Z] <<< [apiv2][body] GET https://www.gstatic.com/firebasejs/releases.json {"current":{"version":"10.1.0","browserURL":"https://www.gstatic.com/firebasejs/10.1.0/firebase.js","packageURL":"https://www.gstatic.com/firebasejs/10.1.0/firebase.tgz"},"live":{"version":"10.1","browserURL":"https://www.gstatic.com/firebasejs/live/10.1/firebase.js","packageURL":"https://www.gstatic.com/firebasejs/live/10.1/firebase.tgz"},"components":{"analytics":"https://www.gstatic.com/firebasejs/10.1.0/firebase-analytics.js","app":"https://www.gstatic.com/firebasejs/10.1.0/firebase-app.js","app-check":"https://www.gstatic.com/firebasejs/10.1.0/firebase-app-check.js","auth":"https://www.gstatic.com/firebasejs/10.1.0/firebase-auth.js","auth/cordova":"https://www.gstatic.com/firebasejs/10.1.0/firebase-auth/cordova.js","functions":"https://www.gstatic.com/firebasejs/10.1.0/firebase-functions.js","firestore":"https://www.gstatic.com/firebasejs/10.1.0/firebase-firestore.js","firestore/lite":"https://www.gstatic.com/firebasejs/10.1.0/firebase-firestore/lite.js","installations":"https://www.gstatic.com/firebasejs/10.1.0/firebase-installations.js","storage":"https://www.gstatic.com/firebasejs/10.1.0/firebase-storage.js","performance":"https://www.gstatic.com/firebasejs/10.1.0/firebase-performance.js","remote-config":"https://www.gstatic.com/firebasejs/10.1.0/firebase-remote-config.js","messaging":"https://www.gstatic.com/firebasejs/10.1.0/firebase-messaging.js","messaging/sw":"https://www.gstatic.com/firebasejs/10.1.0/firebase-messaging/sw.js","database":"https://www.gstatic.com/firebasejs/10.1.0/firebase-database.js","firestore.memory":"https://www.gstatic.com/firebasejs/10.1.0/firebase-firestore.memory.js"}}
[info] +  Wrote public/index.html 
[info] 
[info] i  Detected a .git folder at C:\Users\cefer\OneDrive\Escritorio\Proyects\node\webServer 
[info] i  Authorizing with GitHub to upload your service account to a GitHub repository's secrets store. 
[info] 
[info] Visit this URL on this device to log in:
[info] https://github.com/login/oauth/authorize?client_id=89cf50f02ac6aaed3484&state=1073581098&redirect_uri=http%3A%2F%2Flocalhost%3A9005&scope=read%3Auser%20repo%20public_repo
[info] 
[info] Waiting for authentication...
[debug] [2023-08-10T17:32:24.643Z] >>> [apiv2][query] POST https://github.com/login/oauth/access_token [none]
[debug] [2023-08-10T17:32:24.643Z] >>> [apiv2][body] POST https://github.com/login/oauth/access_token [stream]
[debug] [2023-08-10T17:32:25.035Z] <<< [apiv2][status] POST https://github.com/login/oauth/access_token 200
[debug] [2023-08-10T17:32:25.036Z] <<< [apiv2][body] POST https://github.com/login/oauth/access_token {"access_token":"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","token_type":"bearer","scope":"read:user,repo"}
[debug] [2023-08-10T17:32:25.039Z] >>> [apiv2][query] GET https://api.github.com/user [none]
[debug] [2023-08-10T17:32:25.537Z] <<< [apiv2][status] GET https://api.github.com/user 200
[debug] [2023-08-10T17:32:25.537Z] <<< [apiv2][body] GET https://api.github.com/user {"login":"Cristhian-16","id":120688034,"node_id":"U_kgDOBzGNog","avatar_url":"https://avatars.githubusercontent.com/u/120688034?v=4","gravatar_id":"","url":"https://api.github.com/users/Cristhian-16","html_url":"https://github.com/Cristhian-16","followers_url":"https://api.github.com/users/Cristhian-16/followers","following_url":"https://api.github.com/users/Cristhian-16/following{/other_user}","gists_url":"https://api.github.com/users/Cristhian-16/gists{/gist_id}","starred_url":"https://api.github.com/users/Cristhian-16/starred{/owner}{/repo}","subscriptions_url":"https://api.github.com/users/Cristhian-16/subscriptions","organizations_url":"https://api.github.com/users/Cristhian-16/orgs","repos_url":"https://api.github.com/users/Cristhian-16/repos","events_url":"https://api.github.com/users/Cristhian-16/events{/privacy}","received_events_url":"https://api.github.com/users/Cristhian-16/received_events","type":"User","site_admin":false,"name":"Cristhian Espiritu ","company":"Cristhian Espiritu","blog":"","location":"Peru","email":null,"hireable":null,"bio":"Me gusta el aji de gallina","twitter_username":"CEFERINNN","public_repos":33,"public_gists":0,"followers":0,"following":2,"created_at":"2022-12-15T22:28:49Z","updated_at":"2023-07-26T15:52:02Z","private_gists":0,"total_private_repos":6,"owned_private_repos":6,"disk_usage":42863,"collaborators":0,"two_factor_authentication":false,"plan":{"name":"pro","space":976562499,"collaborators":0,"private_repos":9999}}
[info] 
[info] +  Success! Logged into GitHub as Cristhian-16 
[info] 
